00:24:50.642 [http-nio-8080-exec-1] DEBUG c.kuznetsov.linoleum.dao.LinoleumDao - FIND_ALL
00:24:53.669 [http-nio-8080-exec-3] DEBUG c.kuznetsov.linoleum.dao.LinoleumDao - FIND_ALL
00:24:53.829 [http-nio-8080-exec-2] DEBUG c.kuznetsov.linoleum.dao.LinoleumDao - FIND_ALL
00:25:02.078 [http-nio-8080-exec-6] DEBUG com.kuznetsov.linoleum.dao.UserDao - FINDBYEMAILANDPASSWORD/user email:denis.denis.kuznecov@mail.ru
00:25:02.111 [http-nio-8080-exec-7] DEBUG c.kuznetsov.linoleum.dao.LinoleumDao - FIND_ALL
00:25:03.527 [http-nio-8080-exec-9] DEBUG com.kuznetsov.linoleum.dao.OrderDao - FIND_ALL/orders
08:43:06.433 [http-nio-8080-exec-1] DEBUG c.kuznetsov.linoleum.dao.LinoleumDao - FIND_ALL
08:43:13.303 [http-nio-8080-exec-2] DEBUG c.kuznetsov.linoleum.dao.LinoleumDao - FIND_ALL
08:43:20.524 [http-nio-8080-exec-6] DEBUG c.kuznetsov.linoleum.dao.LinoleumDao - FIND_ALL
08:43:25.215 [http-nio-8080-exec-7] DEBUG c.kuznetsov.linoleum.dao.LinoleumDao - FIND_ALL
08:44:05.976 [http-nio-8080-exec-2] DEBUG com.kuznetsov.linoleum.dao.UserDao - FINDBYEMAILANDPASSWORD/user email:denis.denis.kuznecov@mail.ru
08:44:06.065 [http-nio-8080-exec-4] DEBUG c.kuznetsov.linoleum.dao.LinoleumDao - FIND_ALL
08:44:20.970 [http-nio-8080-exec-7] DEBUG com.kuznetsov.linoleum.dao.OrderDao - FIND_ALL/orders
18:19:44.491 [http-nio-8080-exec-1] DEBUG c.kuznetsov.linoleum.dao.LinoleumDao - FIND_ALL
18:20:05.516 [http-nio-8080-exec-3] DEBUG c.kuznetsov.linoleum.dao.LinoleumDao - FIND_ALL
18:20:07.310 [http-nio-8080-exec-4] DEBUG c.kuznetsov.linoleum.dao.LinoleumDao - FIND_ALL
18:20:10.564 [http-nio-8080-exec-8] DEBUG c.kuznetsov.linoleum.dao.LinoleumDao - FIND_ALL
18:20:25.278 [http-nio-8080-exec-9] DEBUG com.kuznetsov.linoleum.dao.UserDao - FINDBYEMAILANDPASSWORD/user email:denis.denis.kuznecov@mail.ru
18:20:25.548 [http-nio-8080-exec-1] DEBUG c.kuznetsov.linoleum.dao.LinoleumDao - FIND_ALL
18:20:32.573 [http-nio-8080-exec-4] DEBUG com.kuznetsov.linoleum.dao.OrderDao - FIND_ALL/orders
18:20:51.289 [http-nio-8080-exec-6] DEBUG com.kuznetsov.linoleum.dao.OrderDao - FIND_BY_ID/order id:3
18:20:51.309 [http-nio-8080-exec-6] DEBUG c.k.l.dao.FragmentWithoutLayoutDao - FIND_ALL_BY_ORDER_ID/fragment without layout id is:3
18:20:53.593 [http-nio-8080-exec-10] DEBUG com.kuznetsov.linoleum.dao.OrderDao - FIND_ALL/orders
18:23:51.674 [http-nio-8080-exec-1] DEBUG c.kuznetsov.linoleum.dao.LinoleumDao - FIND_ALL
18:23:58.952 [http-nio-8080-exec-5] DEBUG c.kuznetsov.linoleum.dao.LinoleumDao - FIND_ALL
18:23:59.312 [http-nio-8080-exec-9] DEBUG c.kuznetsov.linoleum.dao.LinoleumDao - FIND_ALL
18:25:17.986 [http-nio-8080-exec-8] DEBUG com.kuznetsov.linoleum.dao.UserDao - FINDBYEMAILANDPASSWORD/user email:denis.denis.kuznecov@mail.ru
18:25:18.016 [http-nio-8080-exec-10] DEBUG c.kuznetsov.linoleum.dao.LinoleumDao - FIND_ALL
18:25:23.239 [http-nio-8080-exec-1] DEBUG com.kuznetsov.linoleum.dao.OrderDao - FIND_ALL/orders
18:28:19.570 [http-nio-8080-exec-1] DEBUG c.kuznetsov.linoleum.dao.LinoleumDao - FIND_ALL
18:28:28.971 [http-nio-8080-exec-5] DEBUG c.kuznetsov.linoleum.dao.LinoleumDao - FIND_ALL
18:28:31.156 [http-nio-8080-exec-4] DEBUG c.kuznetsov.linoleum.dao.LinoleumDao - FIND_ALL
18:36:37.375 [http-nio-8080-exec-8] DEBUG com.kuznetsov.linoleum.dao.UserDao - FINDBYEMAILANDPASSWORD/user email:denis.denis.kuznecov@mail.ru
18:36:37.411 [http-nio-8080-exec-10] DEBUG c.kuznetsov.linoleum.dao.LinoleumDao - FIND_ALL
18:36:38.989 [http-nio-8080-exec-1] DEBUG com.kuznetsov.linoleum.dao.OrderDao - FIND_ALL/orders
19:11:20.235 [http-nio-8080-exec-1] DEBUG c.kuznetsov.linoleum.dao.LinoleumDao - FIND_ALL
19:11:23.404 [http-nio-8080-exec-3] DEBUG c.kuznetsov.linoleum.dao.LinoleumDao - FIND_ALL
19:11:24.011 [http-nio-8080-exec-4] DEBUG c.kuznetsov.linoleum.dao.LinoleumDao - FIND_ALL
19:17:27.144 [http-nio-8080-exec-9] DEBUG com.kuznetsov.linoleum.dao.UserDao - FINDBYEMAILANDPASSWORD/user email:denis.denis.kuznecov@mail.ru
19:17:27.187 [http-nio-8080-exec-8] DEBUG c.kuznetsov.linoleum.dao.LinoleumDao - FIND_ALL
19:17:28.796 [http-nio-8080-exec-10] DEBUG com.kuznetsov.linoleum.dao.OrderDao - FIND_ALL/orders
19:17:45.990 [http-nio-8080-exec-5] DEBUG com.kuznetsov.linoleum.dao.RollDao - FIND_ALL/Rolls
19:17:51.023 [http-nio-8080-exec-3] DEBUG c.kuznetsov.linoleum.dao.LinoleumDao - FIND_ALL
19:18:05.767 [http-nio-8080-exec-4] DEBUG c.kuznetsov.linoleum.dao.LinoleumDao - FIND_BY_ID/linoleum id is:2
19:18:05.781 [http-nio-8080-exec-4] DEBUG com.kuznetsov.linoleum.dao.RollDao - SAVE/roll entity:Roll{id=null, partNum=111, width=3.5, length=40.0, isRemain=false, linoleum=Linoleum{id=2, name='saratoga 4', protect=0.5, thickness=3.5, price=850, imagePath='/images/saratoga-4-300x300.jpg'}}
19:18:05.915 [http-nio-8080-exec-2] DEBUG com.kuznetsov.linoleum.dao.RollDao - FIND_ALL/Rolls
19:18:08.716 [http-nio-8080-exec-7] DEBUG com.kuznetsov.linoleum.dao.OrderDao - FIND_ALL/orders
19:18:13.409 [http-nio-8080-exec-9] DEBUG com.kuznetsov.linoleum.dao.OrderDao - FIND_BY_ID/order id:2
19:18:13.420 [http-nio-8080-exec-9] DEBUG c.kuznetsov.linoleum.dao.FragmentDao - FIND_ALL_BY_LAYOUT_NAME_ID/fragments_layout_name_id is:2
19:18:13.487 [http-nio-8080-exec-9] DEBUG c.kuznetsov.linoleum.dao.FragmentDao - FIND_ALL/fragments
19:18:13.500 [http-nio-8080-exec-9] DEBUG com.kuznetsov.linoleum.dao.RollDao - FIND_ALL/Rolls
19:18:13.538 [http-nio-8080-exec-9] DEBUG com.kuznetsov.linoleum.dao.RollDao - UPDATE/roll entity:Roll{id=80, partNum=111, width=3.5, length=35.34, isRemain=false, linoleum=Linoleum{id=2, name='saratoga 4', protect=0.5, thickness=3.5, price=850, imagePath='/images/saratoga-4-300x300.jpg'}}
19:18:13.542 [http-nio-8080-exec-9] DEBUG c.kuznetsov.linoleum.dao.FragmentDao - FIND_ALL/fragments
19:18:13.547 [http-nio-8080-exec-9] DEBUG com.kuznetsov.linoleum.dao.RollDao - FIND_ALL/Rolls
19:18:13.558 [http-nio-8080-exec-9] DEBUG com.kuznetsov.linoleum.dao.RollDao - UPDATE/roll entity:Roll{id=29, partNum=22, width=3.0, length=35.59, isRemain=false, linoleum=Linoleum{id=2, name='saratoga 4', protect=0.5, thickness=3.5, price=850, imagePath='/images/saratoga-4-300x300.jpg'}}
19:18:13.560 [http-nio-8080-exec-9] DEBUG c.kuznetsov.linoleum.dao.FragmentDao - FIND_ALL/fragments
19:18:13.564 [http-nio-8080-exec-9] DEBUG com.kuznetsov.linoleum.dao.RollDao - FIND_ALL/Rolls
19:18:13.584 [http-nio-8080-exec-9] DEBUG com.kuznetsov.linoleum.dao.RollDao - UPDATE/roll entity:Roll{id=31, partNum=44, width=4.0, length=28.579998, isRemain=false, linoleum=Linoleum{id=2, name='saratoga 4', protect=0.5, thickness=3.5, price=850, imagePath='/images/saratoga-4-300x300.jpg'}}
19:18:13.593 [http-nio-8080-exec-9] DEBUG com.kuznetsov.linoleum.dao.RollDao - SAVE/roll entity:Roll{id=null, partNum=44, width=2.5, length=3.3, isRemain=true, linoleum=Linoleum{id=2, name='saratoga 4', protect=0.5, thickness=3.5, price=850, imagePath='/images/saratoga-4-300x300.jpg'}}
19:18:13.599 [http-nio-8080-exec-9] DEBUG c.kuznetsov.linoleum.dao.FragmentDao - FIND_ALL/fragments
19:18:13.602 [http-nio-8080-exec-9] DEBUG com.kuznetsov.linoleum.dao.RollDao - FIND_ALL/Rolls
19:18:13.604 [http-nio-8080-exec-9] DEBUG com.kuznetsov.linoleum.dao.RollDao - UPDATE/roll entity:Roll{id=29, partNum=22, width=3.0, length=34.13, isRemain=false, linoleum=Linoleum{id=2, name='saratoga 4', protect=0.5, thickness=3.5, price=850, imagePath='/images/saratoga-4-300x300.jpg'}}
19:18:13.606 [http-nio-8080-exec-9] DEBUG c.kuznetsov.linoleum.dao.FragmentDao - FIND_ALL/fragments
19:18:13.619 [http-nio-8080-exec-9] DEBUG com.kuznetsov.linoleum.dao.RollDao - FIND_ALL/Rolls
19:18:13.623 [http-nio-8080-exec-9] DEBUG com.kuznetsov.linoleum.dao.RollDao - UPDATE/roll entity:Roll{id=80, partNum=111, width=3.5, length=32.73, isRemain=false, linoleum=Linoleum{id=2, name='saratoga 4', protect=0.5, thickness=3.5, price=850, imagePath='/images/saratoga-4-300x300.jpg'}}
19:18:13.673 [http-nio-8080-exec-9] DEBUG com.kuznetsov.linoleum.dao.OrderDao - UPDATE_STATUS/order status:CUTTED
19:18:59.623 [http-nio-8080-exec-1] DEBUG com.kuznetsov.linoleum.dao.OrderDao - FIND_ALL/orders
19:19:35.474 [http-nio-8080-exec-2] DEBUG com.kuznetsov.linoleum.dao.OrderDao - FIND_ALL/orders
19:19:59.644 [http-nio-8080-exec-9] DEBUG com.kuznetsov.linoleum.dao.OrderDao - UPDATE_STATUS/order status:COMPLETED
19:19:59.680 [http-nio-8080-exec-8] DEBUG com.kuznetsov.linoleum.dao.OrderDao - FIND_ALL/orders
19:20:12.854 [http-nio-8080-exec-10] DEBUG com.kuznetsov.linoleum.dao.OrderDao - UPDATE_STATUS/order status:COMPLETED
19:20:12.863 [http-nio-8080-exec-1] DEBUG com.kuznetsov.linoleum.dao.OrderDao - FIND_ALL/orders
19:22:52.208 [http-nio-8080-exec-4] DEBUG com.kuznetsov.linoleum.dao.OrderDao - FIND_BY_ID/order id:2
19:22:52.213 [http-nio-8080-exec-4] DEBUG c.kuznetsov.linoleum.dao.FragmentDao - FIND_ALL_BY_LAYOUT_NAME_ID/fragments_layout_name_id is:2
19:22:57.107 [http-nio-8080-exec-2] DEBUG com.kuznetsov.linoleum.dao.OrderDao - FIND_ALL/orders
19:23:02.172 [http-nio-8080-exec-6] DEBUG com.kuznetsov.linoleum.dao.OrderDao - FIND_ALL/orders
19:23:04.573 [http-nio-8080-exec-7] DEBUG c.kuznetsov.linoleum.dao.LinoleumDao - FIND_ALL
19:23:07.849 [http-nio-8080-exec-9] DEBUG c.kuznetsov.linoleum.dao.LinoleumDao - FIND_BY_ID/linoleum id is:2
19:23:18.221 [http-nio-8080-exec-1] DEBUG c.k.linoleum.dao.LayoutsNamesDao - FIND_ALL/layouts_names
19:23:18.229 [http-nio-8080-exec-1] DEBUG c.kuznetsov.linoleum.dao.LayoutDao - FIND_BY_MANY_FIELDS/layout city: Nizhnekamsk,layout street: Tukaya,layout homeNum: 21,layout roomCount: 1,layout rowType: ONE_LINE
19:24:00.871 [http-nio-8080-exec-1] DEBUG com.kuznetsov.linoleum.dao.UserDao - FINDBYID/user id is:1
19:24:00.874 [http-nio-8080-exec-1] DEBUG c.kuznetsov.linoleum.dao.LinoleumDao - FIND_BY_ID/linoleum id is:2
19:24:00.876 [http-nio-8080-exec-1] DEBUG c.k.linoleum.dao.LayoutsNamesDao - SAVE/layoutName entity:LayoutName{id=null, lnName='CUSTOM18'}
19:24:00.927 [http-nio-8080-exec-1] DEBUG c.kuznetsov.linoleum.dao.LayoutDao - SAVE/layout entity:Layout{id=null, city='Nizhnekamsk', street='Tukaya', homeNum=21, roomCount=1, layoutRowType=ONE_LINE, lType=CUSTOM, layoutName=LayoutName{id=18, lnName='CUSTOM18'}}
19:24:00.970 [http-nio-8080-exec-1] DEBUG c.k.linoleum.dao.OrderWithLayoutDao - SAVE/order with layout entity:OrderWithLayout{layout=Layout{id=13, city='Nizhnekamsk', street='Tukaya', homeNum=21, roomCount=1, layoutRowType=ONE_LINE, lType=CUSTOM, layoutName=LayoutName{id=18, lnName='CUSTOM18'}}}
19:24:00.971 [http-nio-8080-exec-1] DEBUG com.kuznetsov.linoleum.dao.OrderDao - SAVE/order entity:OrderWithLayout{layout=Layout{id=13, city='Nizhnekamsk', street='Tukaya', homeNum=21, roomCount=1, layoutRowType=ONE_LINE, lType=CUSTOM, layoutName=LayoutName{id=18, lnName='CUSTOM18'}}}
19:24:01.024 [http-nio-8080-exec-1] DEBUG c.k.linoleum.dao.LayoutsNamesDao - FINDBYID/layoutName id: 18
19:24:01.027 [http-nio-8080-exec-1] DEBUG c.kuznetsov.linoleum.dao.FragmentDao - SAVE/fragment entity:Fragment{id=null, width=4.0, length=4.07, fType=HALL, layoutName=LayoutName{id=18, lnName='CUSTOM18'}}
19:24:18.463 [http-nio-8080-exec-3] DEBUG c.kuznetsov.linoleum.dao.LinoleumDao - FIND_ALL
19:24:20.208 [http-nio-8080-exec-4] DEBUG com.kuznetsov.linoleum.dao.OrderDao - FIND_ALL/orders
19:24:40.634 [http-nio-8080-exec-7] DEBUG com.kuznetsov.linoleum.dao.OrderDao - FIND_BY_ID/order id:4
19:24:40.642 [http-nio-8080-exec-7] DEBUG c.kuznetsov.linoleum.dao.FragmentDao - FIND_ALL_BY_LAYOUT_NAME_ID/fragments_layout_name_id is:18
19:24:40.647 [http-nio-8080-exec-7] DEBUG c.kuznetsov.linoleum.dao.FragmentDao - FIND_ALL/fragments
19:24:40.652 [http-nio-8080-exec-7] DEBUG com.kuznetsov.linoleum.dao.RollDao - FIND_ALL/Rolls
19:24:40.667 [http-nio-8080-exec-7] DEBUG com.kuznetsov.linoleum.dao.RollDao - UPDATE/roll entity:Roll{id=31, partNum=44, width=4.0, length=24.499998, isRemain=false, linoleum=Linoleum{id=2, name='saratoga 4', protect=0.5, thickness=3.5, price=850, imagePath='/images/saratoga-4-300x300.jpg'}}
19:24:40.670 [http-nio-8080-exec-7] DEBUG com.kuznetsov.linoleum.dao.OrderDao - UPDATE_STATUS/order status:CUTTED
19:24:51.772 [http-nio-8080-exec-9] DEBUG com.kuznetsov.linoleum.dao.OrderDao - FIND_ALL/orders
19:25:00.140 [http-nio-8080-exec-8] DEBUG com.kuznetsov.linoleum.dao.OrderDao - UPDATE_STATUS/order status:COMPLETED
19:25:00.149 [http-nio-8080-exec-10] DEBUG com.kuznetsov.linoleum.dao.OrderDao - FIND_ALL/orders
19:39:57.868 [http-nio-8080-exec-3] DEBUG c.kuznetsov.linoleum.dao.LinoleumDao - FIND_ALL
19:40:01.474 [http-nio-8080-exec-5] DEBUG c.kuznetsov.linoleum.dao.LinoleumDao - FIND_ALL
19:40:02.456 [http-nio-8080-exec-4] DEBUG c.kuznetsov.linoleum.dao.LinoleumDao - FIND_ALL
19:40:11.314 [http-nio-8080-exec-7] DEBUG com.kuznetsov.linoleum.dao.UserDao - FINDBYEMAILANDPASSWORD/user email:denis.denis.kuznecov@mail.ru
19:40:11.351 [http-nio-8080-exec-9] DEBUG c.kuznetsov.linoleum.dao.LinoleumDao - FIND_ALL
19:40:16.350 [http-nio-8080-exec-8] DEBUG com.kuznetsov.linoleum.dao.OrderDao - FIND_ALL/orders
19:41:04.755 [http-nio-8080-exec-5] DEBUG c.kuznetsov.linoleum.dao.LinoleumDao - FIND_ALL
19:41:42.804 [http-nio-8080-exec-7] DEBUG c.kuznetsov.linoleum.dao.LinoleumDao - FIND_ALL
19:42:05.259 [http-nio-8080-exec-1] DEBUG c.kuznetsov.linoleum.dao.LinoleumDao - FIND_ALL
19:42:07.147 [http-nio-8080-exec-3] DEBUG com.kuznetsov.linoleum.dao.OrderDao - FIND_ALL/orders
19:42:08.877 [http-nio-8080-exec-5] DEBUG com.kuznetsov.linoleum.dao.OrderDao - FIND_BY_ID/order id:2
19:42:08.888 [http-nio-8080-exec-5] DEBUG c.kuznetsov.linoleum.dao.FragmentDao - FIND_ALL_BY_LAYOUT_NAME_ID/fragments_layout_name_id is:2
19:42:11.671 [http-nio-8080-exec-2] DEBUG com.kuznetsov.linoleum.dao.OrderDao - FIND_ALL/orders
19:42:14.772 [http-nio-8080-exec-4] DEBUG com.kuznetsov.linoleum.dao.OrderDao - FIND_BY_ID/order id:1
19:42:14.777 [http-nio-8080-exec-4] DEBUG c.k.l.dao.FragmentWithoutLayoutDao - FIND_ALL_BY_ORDER_ID/fragment without layout id is:1
19:42:56.156 [http-nio-8080-exec-6] DEBUG c.kuznetsov.linoleum.dao.LinoleumDao - FIND_ALL
19:43:10.381 [http-nio-8080-exec-9] DEBUG c.kuznetsov.linoleum.dao.LinoleumDao - FIND_ALL
19:43:56.585 [http-nio-8080-exec-3] DEBUG com.kuznetsov.linoleum.dao.UserDao - FINDBYEMAILANDPASSWORD/user email:Sidorova23@mail.ru
19:43:56.636 [http-nio-8080-exec-5] DEBUG c.kuznetsov.linoleum.dao.LinoleumDao - FIND_ALL
19:44:05.027 [http-nio-8080-exec-2] DEBUG c.kuznetsov.linoleum.dao.LinoleumDao - FIND_ALL
19:44:34.646 [http-nio-8080-exec-9] DEBUG c.kuznetsov.linoleum.dao.LinoleumDao - FIND_ALL
19:44:55.710 [http-nio-8080-exec-3] DEBUG c.kuznetsov.linoleum.dao.LinoleumDao - FIND_ALL
19:46:14.007 [http-nio-8080-exec-9] DEBUG com.kuznetsov.linoleum.dao.UserDao - FINDBYEMAILANDPASSWORD/user email:denis.denis.kuznecov@mail.ru
19:46:14.015 [http-nio-8080-exec-8] DEBUG c.kuznetsov.linoleum.dao.LinoleumDao - FIND_ALL
19:46:17.413 [http-nio-8080-exec-10] DEBUG c.kuznetsov.linoleum.dao.LinoleumDao - FIND_BY_ID/linoleum id is:1
19:46:21.237 [http-nio-8080-exec-3] DEBUG com.kuznetsov.linoleum.dao.UserDao - FIND_ALL/Users
19:46:26.165 [http-nio-8080-exec-4] DEBUG com.kuznetsov.linoleum.dao.OrderDao - FIND_ALL/orders
19:46:33.551 [http-nio-8080-exec-9] DEBUG c.kuznetsov.linoleum.dao.LinoleumDao - FIND_ALL
19:57:10.650 [http-nio-8080-exec-2] DEBUG c.kuznetsov.linoleum.dao.LinoleumDao - FIND_ALL
19:57:14.502 [http-nio-8080-exec-4] DEBUG c.kuznetsov.linoleum.dao.LinoleumDao - FIND_ALL
19:57:15.220 [http-nio-8080-exec-8] DEBUG c.kuznetsov.linoleum.dao.LinoleumDao - FIND_ALL
19:57:25.341 [http-nio-8080-exec-1] DEBUG com.kuznetsov.linoleum.dao.UserDao - FINDBYEMAILANDPASSWORD/user email:denis.denis.kuznecov@mail.ru
19:57:25.364 [http-nio-8080-exec-3] DEBUG c.kuznetsov.linoleum.dao.LinoleumDao - FIND_ALL
19:57:42.112 [http-nio-8080-exec-7] DEBUG com.kuznetsov.linoleum.dao.OrderDao - FIND_ALL/orders
19:57:47.812 [http-nio-8080-exec-9] DEBUG com.kuznetsov.linoleum.dao.OrderDao - FIND_BY_ID/order id:2
19:57:47.831 [http-nio-8080-exec-9] DEBUG c.kuznetsov.linoleum.dao.FragmentDao - FIND_ALL_BY_LAYOUT_NAME_ID/fragments_layout_name_id is:2
19:57:51.354 [http-nio-8080-exec-2] DEBUG c.kuznetsov.linoleum.dao.LinoleumDao - FIND_ALL
19:57:55.614 [http-nio-8080-exec-4] DEBUG c.kuznetsov.linoleum.dao.LinoleumDao - FIND_BY_ID/linoleum id is:2
19:58:38.445 [http-nio-8080-exec-8] DEBUG com.kuznetsov.linoleum.dao.UserDao - FINDBYID/user id is:1
19:58:38.449 [http-nio-8080-exec-8] DEBUG c.kuznetsov.linoleum.dao.LinoleumDao - FIND_BY_ID/linoleum id is:2
19:58:38.452 [http-nio-8080-exec-8] DEBUG com.kuznetsov.linoleum.dao.OrderDao - SAVE/order entity:Order{id=null, creatingDate=2023-07-27T19:58:38.444727900, status=NOTCOMPLETED, transporting=PICKUP, transportingDate=2023-07-29T19:58, cost=6587, apartmentNum=0, user=User{id=1, name='Denis', email='denis.denis.kuznecov@mail.ru', password='222', phoneNumber=89179292245, role=ADMIN}, linoleum=Linoleum{id=2, name='saratoga 4', protect=0.5, thickness=3.5, price=850, imagePath='/images/saratoga-4-300x300.jpg'}}
19:58:38.514 [http-nio-8080-exec-8] DEBUG com.kuznetsov.linoleum.dao.OrderDao - FIND_BY_ID/order id:5
19:58:38.521 [http-nio-8080-exec-8] DEBUG c.k.l.dao.FragmentWithoutLayoutDao - SAVE/fragment without layout entity:FragmentWithoutLayout{id=null, fWidth=2.5, fLength=3.1, order=Order{id=5, creatingDate=2023-07-27T19:58:38.444728, status=NOTCOMPLETED, transporting=PICKUP, transportingDate=2023-07-29T19:58, cost=6587, apartmentNum=0, user=User{id=5, name='Denis', email='denis.denis.kuznecov@mail.ru', password='222', phoneNumber=89179292245, role=ADMIN}, linoleum=Linoleum{id=5, name='saratoga 4', protect=0.5, thickness=3.5, price=850, imagePath='/images/saratoga-4-300x300.jpg'}}}
19:58:52.019 [http-nio-8080-exec-3] DEBUG com.kuznetsov.linoleum.dao.RollDao - FIND_ALL/Rolls
19:59:04.081 [http-nio-8080-exec-7] DEBUG com.kuznetsov.linoleum.dao.OrderDao - FIND_ALL/orders
19:59:10.760 [http-nio-8080-exec-9] DEBUG com.kuznetsov.linoleum.dao.OrderDao - FIND_BY_ID/order id:5
19:59:10.765 [http-nio-8080-exec-9] DEBUG c.k.l.dao.FragmentWithoutLayoutDao - FIND_ALL_BY_ORDER_ID/fragment without layout id is:5
19:59:10.770 [http-nio-8080-exec-9] DEBUG c.kuznetsov.linoleum.dao.FragmentDao - FIND_ALL/fragments
19:59:10.776 [http-nio-8080-exec-9] DEBUG com.kuznetsov.linoleum.dao.RollDao - FIND_ALL/Rolls
19:59:10.797 [http-nio-8080-exec-9] DEBUG com.kuznetsov.linoleum.dao.RollDao - DELETE/roll id:81
19:59:10.799 [http-nio-8080-exec-9] DEBUG com.kuznetsov.linoleum.dao.OrderDao - UPDATE_STATUS/order status:CUTTED
19:59:47.618 [http-nio-8080-exec-6] DEBUG com.kuznetsov.linoleum.dao.OrderDao - FIND_BY_ID/order id:5
19:59:47.622 [http-nio-8080-exec-6] DEBUG c.k.l.dao.FragmentWithoutLayoutDao - FIND_ALL_BY_ORDER_ID/fragment without layout id is:5
19:59:47.624 [http-nio-8080-exec-6] DEBUG c.kuznetsov.linoleum.dao.FragmentDao - FIND_ALL/fragments
19:59:47.639 [http-nio-8080-exec-6] DEBUG com.kuznetsov.linoleum.dao.RollDao - FIND_ALL/Rolls
19:59:47.674 [http-nio-8080-exec-6] DEBUG com.kuznetsov.linoleum.dao.RollDao - UPDATE/roll entity:Roll{id=28, partNum=11, width=2.5, length=36.89, isRemain=false, linoleum=Linoleum{id=2, name='saratoga 4', protect=0.5, thickness=3.5, price=850, imagePath='/images/saratoga-4-300x300.jpg'}}
19:59:47.704 [http-nio-8080-exec-6] DEBUG com.kuznetsov.linoleum.dao.OrderDao - UPDATE_STATUS/order status:CUTTED
19:59:52.998 [http-nio-8080-exec-8] DEBUG com.kuznetsov.linoleum.dao.OrderDao - FIND_BY_ID/order id:5
19:59:53.003 [http-nio-8080-exec-8] DEBUG c.k.l.dao.FragmentWithoutLayoutDao - FIND_ALL_BY_ORDER_ID/fragment without layout id is:5
19:59:53.005 [http-nio-8080-exec-8] DEBUG c.kuznetsov.linoleum.dao.FragmentDao - FIND_ALL/fragments
19:59:53.014 [http-nio-8080-exec-8] DEBUG com.kuznetsov.linoleum.dao.RollDao - FIND_ALL/Rolls
19:59:53.017 [http-nio-8080-exec-8] DEBUG com.kuznetsov.linoleum.dao.RollDao - UPDATE/roll entity:Roll{id=28, partNum=11, width=2.5, length=33.78, isRemain=false, linoleum=Linoleum{id=2, name='saratoga 4', protect=0.5, thickness=3.5, price=850, imagePath='/images/saratoga-4-300x300.jpg'}}
19:59:53.019 [http-nio-8080-exec-8] DEBUG com.kuznetsov.linoleum.dao.OrderDao - UPDATE_STATUS/order status:CUTTED
19:59:57.193 [http-nio-8080-exec-10] DEBUG com.kuznetsov.linoleum.dao.OrderDao - FIND_BY_ID/order id:5
19:59:57.207 [http-nio-8080-exec-10] DEBUG c.k.l.dao.FragmentWithoutLayoutDao - FIND_ALL_BY_ORDER_ID/fragment without layout id is:5
19:59:57.211 [http-nio-8080-exec-10] DEBUG c.kuznetsov.linoleum.dao.FragmentDao - FIND_ALL/fragments
19:59:57.224 [http-nio-8080-exec-10] DEBUG com.kuznetsov.linoleum.dao.RollDao - FIND_ALL/Rolls
19:59:57.241 [http-nio-8080-exec-10] DEBUG com.kuznetsov.linoleum.dao.RollDao - UPDATE/roll entity:Roll{id=28, partNum=11, width=2.5, length=30.669998, isRemain=false, linoleum=Linoleum{id=2, name='saratoga 4', protect=0.5, thickness=3.5, price=850, imagePath='/images/saratoga-4-300x300.jpg'}}
19:59:57.245 [http-nio-8080-exec-10] DEBUG com.kuznetsov.linoleum.dao.OrderDao - UPDATE_STATUS/order status:CUTTED
20:00:03.926 [http-nio-8080-exec-1] DEBUG com.kuznetsov.linoleum.dao.OrderDao - FIND_BY_ID/order id:5
20:00:03.931 [http-nio-8080-exec-1] DEBUG c.k.l.dao.FragmentWithoutLayoutDao - FIND_ALL_BY_ORDER_ID/fragment without layout id is:5
20:00:03.933 [http-nio-8080-exec-1] DEBUG c.kuznetsov.linoleum.dao.FragmentDao - FIND_ALL/fragments
20:00:03.942 [http-nio-8080-exec-1] DEBUG com.kuznetsov.linoleum.dao.RollDao - FIND_ALL/Rolls
20:00:03.944 [http-nio-8080-exec-1] DEBUG com.kuznetsov.linoleum.dao.RollDao - UPDATE/roll entity:Roll{id=28, partNum=11, width=2.5, length=27.559998, isRemain=false, linoleum=Linoleum{id=2, name='saratoga 4', protect=0.5, thickness=3.5, price=850, imagePath='/images/saratoga-4-300x300.jpg'}}
20:00:03.947 [http-nio-8080-exec-1] DEBUG com.kuznetsov.linoleum.dao.OrderDao - UPDATE_STATUS/order status:CUTTED
20:12:40.163 [http-nio-8080-exec-2] DEBUG c.kuznetsov.linoleum.dao.LinoleumDao - FIND_ALL
20:12:44.460 [http-nio-8080-exec-1] DEBUG c.kuznetsov.linoleum.dao.LinoleumDao - FIND_ALL
20:12:44.661 [http-nio-8080-exec-4] DEBUG c.kuznetsov.linoleum.dao.LinoleumDao - FIND_ALL
20:14:56.135 [http-nio-8080-exec-9] DEBUG com.kuznetsov.linoleum.dao.UserDao - FINDBYEMAILANDPASSWORD/user email:denis.denis.kuznecov@mail.ru
20:14:56.168 [http-nio-8080-exec-2] DEBUG c.kuznetsov.linoleum.dao.LinoleumDao - FIND_ALL
20:14:57.448 [http-nio-8080-exec-1] DEBUG com.kuznetsov.linoleum.dao.OrderDao - FIND_ALL/orders
20:15:04.719 [http-nio-8080-exec-3] DEBUG com.kuznetsov.linoleum.dao.OrderDao - FIND_ALL/orders
20:15:06.104 [http-nio-8080-exec-4] DEBUG com.kuznetsov.linoleum.dao.UserDao - FIND_ALL/Users
20:15:07.735 [http-nio-8080-exec-5] DEBUG c.kuznetsov.linoleum.dao.LinoleumDao - FIND_ALL
20:15:10.051 [http-nio-8080-exec-6] DEBUG c.kuznetsov.linoleum.dao.LinoleumDao - FIND_BY_ID/linoleum id is:2
20:15:25.774 [http-nio-8080-exec-6] DEBUG com.kuznetsov.linoleum.dao.UserDao - FINDBYID/user id is:1
20:15:25.778 [http-nio-8080-exec-6] DEBUG c.kuznetsov.linoleum.dao.LinoleumDao - FIND_BY_ID/linoleum id is:2
20:15:25.781 [http-nio-8080-exec-6] DEBUG com.kuznetsov.linoleum.dao.OrderDao - SAVE/order entity:Order{id=null, creatingDate=2023-07-27T20:15:25.771724400, status=NOTCOMPLETED, transporting=PICKUP, transportingDate=2023-07-30T20:15, cost=5100, apartmentNum=0, user=User{id=1, name='Denis', email='denis.denis.kuznecov@mail.ru', password='222', phoneNumber=89179292245, role=ADMIN}, linoleum=Linoleum{id=2, name='saratoga 4', protect=0.5, thickness=3.5, price=850, imagePath='/images/saratoga-4-300x300.jpg'}}
20:15:25.897 [http-nio-8080-exec-6] DEBUG com.kuznetsov.linoleum.dao.OrderDao - FIND_BY_ID/order id:6
20:15:25.947 [http-nio-8080-exec-6] DEBUG c.k.l.dao.FragmentWithoutLayoutDao - SAVE/fragment without layout entity:FragmentWithoutLayout{id=null, fWidth=3.0, fLength=2.0, order=Order{id=6, creatingDate=2023-07-27T20:15:25.771724, status=NOTCOMPLETED, transporting=PICKUP, transportingDate=2023-07-30T20:15, cost=5100, apartmentNum=0, user=User{id=6, name='Denis', email='denis.denis.kuznecov@mail.ru', password='222', phoneNumber=89179292245, role=ADMIN}, linoleum=Linoleum{id=6, name='saratoga 4', protect=0.5, thickness=3.5, price=850, imagePath='/images/saratoga-4-300x300.jpg'}}}
20:15:31.487 [http-nio-8080-exec-7] DEBUG com.kuznetsov.linoleum.dao.OrderDao - FIND_ALL/orders
20:15:39.394 [http-nio-8080-exec-2] DEBUG com.kuznetsov.linoleum.dao.OrderDao - FIND_BY_ID/order id:6
20:15:39.400 [http-nio-8080-exec-2] DEBUG c.k.l.dao.FragmentWithoutLayoutDao - FIND_ALL_BY_ORDER_ID/fragment without layout id is:6
20:15:39.411 [http-nio-8080-exec-2] DEBUG c.kuznetsov.linoleum.dao.FragmentDao - FIND_ALL/fragments
20:15:39.428 [http-nio-8080-exec-2] DEBUG com.kuznetsov.linoleum.dao.RollDao - FIND_ALL/Rolls
20:15:39.462 [http-nio-8080-exec-2] DEBUG com.kuznetsov.linoleum.dao.RollDao - UPDATE/roll entity:Roll{id=29, partNum=22, width=3.0, length=32.120003, isRemain=false, linoleum=Linoleum{id=2, name='saratoga 4', protect=0.5, thickness=3.5, price=850, imagePath='/images/saratoga-4-300x300.jpg'}}
20:15:39.487 [http-nio-8080-exec-2] DEBUG com.kuznetsov.linoleum.dao.OrderDao - UPDATE_STATUS/order status:CUTTED
20:15:54.670 [http-nio-8080-exec-1] DEBUG com.kuznetsov.linoleum.dao.OrderDao - FIND_BY_ID/order id:6
20:15:54.674 [http-nio-8080-exec-1] DEBUG c.k.l.dao.FragmentWithoutLayoutDao - FIND_ALL_BY_ORDER_ID/fragment without layout id is:6
20:15:54.682 [http-nio-8080-exec-1] DEBUG c.kuznetsov.linoleum.dao.FragmentDao - FIND_ALL/fragments
20:15:54.701 [http-nio-8080-exec-1] DEBUG com.kuznetsov.linoleum.dao.RollDao - FIND_ALL/Rolls
20:15:54.712 [http-nio-8080-exec-1] DEBUG com.kuznetsov.linoleum.dao.RollDao - UPDATE/roll entity:Roll{id=29, partNum=22, width=3.0, length=30.110003, isRemain=false, linoleum=Linoleum{id=2, name='saratoga 4', protect=0.5, thickness=3.5, price=850, imagePath='/images/saratoga-4-300x300.jpg'}}
20:15:54.717 [http-nio-8080-exec-1] DEBUG com.kuznetsov.linoleum.dao.OrderDao - UPDATE_STATUS/order status:CUTTED
20:15:58.332 [http-nio-8080-exec-3] DEBUG com.kuznetsov.linoleum.dao.OrderDao - FIND_BY_ID/order id:6
20:15:58.336 [http-nio-8080-exec-3] DEBUG c.k.l.dao.FragmentWithoutLayoutDao - FIND_ALL_BY_ORDER_ID/fragment without layout id is:6
20:15:58.338 [http-nio-8080-exec-3] DEBUG c.kuznetsov.linoleum.dao.FragmentDao - FIND_ALL/fragments
20:15:58.341 [http-nio-8080-exec-3] DEBUG com.kuznetsov.linoleum.dao.RollDao - FIND_ALL/Rolls
20:15:58.345 [http-nio-8080-exec-3] DEBUG com.kuznetsov.linoleum.dao.RollDao - UPDATE/roll entity:Roll{id=29, partNum=22, width=3.0, length=28.100002, isRemain=false, linoleum=Linoleum{id=2, name='saratoga 4', protect=0.5, thickness=3.5, price=850, imagePath='/images/saratoga-4-300x300.jpg'}}
20:15:58.347 [http-nio-8080-exec-3] DEBUG com.kuznetsov.linoleum.dao.OrderDao - UPDATE_STATUS/order status:CUTTED
20:16:02.457 [http-nio-8080-exec-5] DEBUG com.kuznetsov.linoleum.dao.OrderDao - FIND_BY_ID/order id:6
20:16:02.463 [http-nio-8080-exec-5] DEBUG c.k.l.dao.FragmentWithoutLayoutDao - FIND_ALL_BY_ORDER_ID/fragment without layout id is:6
20:16:02.465 [http-nio-8080-exec-5] DEBUG c.kuznetsov.linoleum.dao.FragmentDao - FIND_ALL/fragments
20:16:02.474 [http-nio-8080-exec-5] DEBUG com.kuznetsov.linoleum.dao.RollDao - FIND_ALL/Rolls
20:16:02.478 [http-nio-8080-exec-5] DEBUG com.kuznetsov.linoleum.dao.RollDao - UPDATE/roll entity:Roll{id=29, partNum=22, width=3.0, length=26.090002, isRemain=false, linoleum=Linoleum{id=2, name='saratoga 4', protect=0.5, thickness=3.5, price=850, imagePath='/images/saratoga-4-300x300.jpg'}}
20:16:02.484 [http-nio-8080-exec-5] DEBUG com.kuznetsov.linoleum.dao.OrderDao - UPDATE_STATUS/order status:CUTTED
20:54:07.219 [http-nio-8080-exec-2] DEBUG c.kuznetsov.linoleum.dao.LinoleumDao - FIND_ALL
20:54:10.670 [http-nio-8080-exec-4] DEBUG c.kuznetsov.linoleum.dao.LinoleumDao - FIND_ALL
20:54:10.878 [http-nio-8080-exec-1] DEBUG c.kuznetsov.linoleum.dao.LinoleumDao - FIND_ALL
20:54:28.538 [http-nio-8080-exec-5] DEBUG com.kuznetsov.linoleum.dao.UserDao - FINDBYEMAILANDPASSWORD/user email:denis.denis.kuznecov@mail.ru
20:54:28.579 [http-nio-8080-exec-7] DEBUG c.kuznetsov.linoleum.dao.LinoleumDao - FIND_ALL
20:54:58.960 [http-nio-8080-exec-2] DEBUG com.kuznetsov.linoleum.dao.OrderDao - FIND_ALL/orders
20:55:04.622 [http-nio-8080-exec-6] DEBUG com.kuznetsov.linoleum.dao.OrderDao - FIND_ALL/orders
20:55:09.301 [http-nio-8080-exec-4] DEBUG c.kuznetsov.linoleum.dao.LinoleumDao - FIND_ALL
20:55:11.998 [http-nio-8080-exec-8] DEBUG c.kuznetsov.linoleum.dao.LinoleumDao - FIND_BY_ID/linoleum id is:2
20:55:33.844 [http-nio-8080-exec-8] DEBUG com.kuznetsov.linoleum.dao.UserDao - FINDBYID/user id is:1
20:55:33.849 [http-nio-8080-exec-8] DEBUG c.kuznetsov.linoleum.dao.LinoleumDao - FIND_BY_ID/linoleum id is:2
20:55:33.851 [http-nio-8080-exec-8] DEBUG com.kuznetsov.linoleum.dao.OrderDao - SAVE/order entity:Order{id=null, creatingDate=2023-07-27T20:55:33.843296100, status=NOTCOMPLETED, transporting=PICKUP, transportingDate=2023-07-29T20:55, cost=2125, apartmentNum=0, user=User{id=1, name='Denis', email='denis.denis.kuznecov@mail.ru', password='222', phoneNumber=89179292245, role=ADMIN}, linoleum=Linoleum{id=2, name='saratoga 4', protect=0.5, thickness=3.5, price=850, imagePath='/images/saratoga-4-300x300.jpg'}}
20:55:33.996 [http-nio-8080-exec-8] DEBUG com.kuznetsov.linoleum.dao.OrderDao - FIND_BY_ID/order id:7
20:55:34.012 [http-nio-8080-exec-8] DEBUG c.k.l.dao.FragmentWithoutLayoutDao - SAVE/fragment without layout entity:FragmentWithoutLayout{id=null, fWidth=2.5, fLength=1.0, order=Order{id=7, creatingDate=2023-07-27T20:55:33.843296, status=NOTCOMPLETED, transporting=PICKUP, transportingDate=2023-07-29T20:55, cost=2125, apartmentNum=0, user=User{id=7, name='Denis', email='denis.denis.kuznecov@mail.ru', password='222', phoneNumber=89179292245, role=ADMIN}, linoleum=Linoleum{id=7, name='saratoga 4', protect=0.5, thickness=3.5, price=850, imagePath='/images/saratoga-4-300x300.jpg'}}}
20:55:38.080 [http-nio-8080-exec-3] DEBUG c.kuznetsov.linoleum.dao.LinoleumDao - FIND_ALL
20:55:39.897 [http-nio-8080-exec-5] DEBUG com.kuznetsov.linoleum.dao.OrderDao - FIND_ALL/orders
20:56:08.262 [http-nio-8080-exec-10] DEBUG com.kuznetsov.linoleum.dao.OrderDao - FIND_BY_ID/order id:7
20:56:08.268 [http-nio-8080-exec-10] DEBUG c.k.l.dao.FragmentWithoutLayoutDao - FIND_ALL_BY_ORDER_ID/fragment without layout id is:7
20:56:08.275 [http-nio-8080-exec-10] DEBUG c.kuznetsov.linoleum.dao.FragmentDao - FIND_ALL/fragments
20:56:08.285 [http-nio-8080-exec-10] DEBUG com.kuznetsov.linoleum.dao.RollDao - FIND_ALL/Rolls
20:56:08.311 [http-nio-8080-exec-10] DEBUG com.kuznetsov.linoleum.dao.RollDao - UPDATE/roll entity:Roll{id=28, partNum=11, width=2.5, length=26.549997, isRemain=false, linoleum=Linoleum{id=2, name='saratoga 4', protect=0.5, thickness=3.5, price=850, imagePath='/images/saratoga-4-300x300.jpg'}}
20:56:08.335 [http-nio-8080-exec-10] DEBUG com.kuznetsov.linoleum.dao.OrderDao - UPDATE_STATUS/order status:CUTTED
20:56:25.130 [http-nio-8080-exec-2] DEBUG com.kuznetsov.linoleum.dao.OrderDao - FIND_BY_ID/order id:7
20:56:25.137 [http-nio-8080-exec-2] DEBUG c.k.l.dao.FragmentWithoutLayoutDao - FIND_ALL_BY_ORDER_ID/fragment without layout id is:7
20:56:25.143 [http-nio-8080-exec-2] DEBUG c.kuznetsov.linoleum.dao.FragmentDao - FIND_ALL/fragments
20:56:25.160 [http-nio-8080-exec-2] DEBUG com.kuznetsov.linoleum.dao.RollDao - FIND_ALL/Rolls
20:56:25.168 [http-nio-8080-exec-2] DEBUG com.kuznetsov.linoleum.dao.RollDao - UPDATE/roll entity:Roll{id=28, partNum=11, width=2.5, length=25.539997, isRemain=false, linoleum=Linoleum{id=2, name='saratoga 4', protect=0.5, thickness=3.5, price=850, imagePath='/images/saratoga-4-300x300.jpg'}}
20:56:25.177 [http-nio-8080-exec-2] DEBUG com.kuznetsov.linoleum.dao.OrderDao - UPDATE_STATUS/order status:CUTTED
21:03:31.300 [http-nio-8080-exec-2] DEBUG c.kuznetsov.linoleum.dao.LinoleumDao - FIND_ALL
21:03:35.617 [http-nio-8080-exec-4] DEBUG c.kuznetsov.linoleum.dao.LinoleumDao - FIND_ALL
21:03:35.818 [http-nio-8080-exec-5] DEBUG c.kuznetsov.linoleum.dao.LinoleumDao - FIND_ALL
21:03:47.898 [http-nio-8080-exec-7] DEBUG com.kuznetsov.linoleum.dao.UserDao - FINDBYEMAILANDPASSWORD/user email:denis.denis.kuznecov@mail.ru
21:03:47.978 [http-nio-8080-exec-8] DEBUG c.kuznetsov.linoleum.dao.LinoleumDao - FIND_ALL
21:04:25.109 [http-nio-8080-exec-2] DEBUG com.kuznetsov.linoleum.dao.OrderDao - FIND_ALL/orders
21:04:29.158 [http-nio-8080-exec-1] DEBUG com.kuznetsov.linoleum.dao.OrderDao - FIND_ALL/orders
21:04:34.217 [http-nio-8080-exec-4] DEBUG c.kuznetsov.linoleum.dao.LinoleumDao - FIND_ALL
21:04:36.801 [http-nio-8080-exec-3] DEBUG c.kuznetsov.linoleum.dao.LinoleumDao - FIND_BY_ID/linoleum id is:2
21:04:55.202 [http-nio-8080-exec-3] DEBUG com.kuznetsov.linoleum.dao.UserDao - FINDBYID/user id is:1
21:04:55.205 [http-nio-8080-exec-3] DEBUG c.kuznetsov.linoleum.dao.LinoleumDao - FIND_BY_ID/linoleum id is:2
21:04:55.207 [http-nio-8080-exec-3] DEBUG com.kuznetsov.linoleum.dao.OrderDao - SAVE/order entity:Order{id=null, creatingDate=2023-07-27T21:04:55.200126400, status=NOTCOMPLETED, transporting=PICKUP, transportingDate=2023-07-29T21:04, cost=1700, apartmentNum=0, user=User{id=1, name='Denis', email='denis.denis.kuznecov@mail.ru', password='222', phoneNumber=89179292245, role=ADMIN}, linoleum=Linoleum{id=2, name='saratoga 4', protect=0.5, thickness=3.5, price=850, imagePath='/images/saratoga-4-300x300.jpg'}}
21:04:55.266 [http-nio-8080-exec-3] DEBUG com.kuznetsov.linoleum.dao.OrderDao - FIND_BY_ID/order id:8
21:04:55.272 [http-nio-8080-exec-3] DEBUG c.k.l.dao.FragmentWithoutLayoutDao - SAVE/fragment without layout entity:FragmentWithoutLayout{id=null, fWidth=2.0, fLength=1.0, order=Order{id=8, creatingDate=2023-07-27T21:04:55.200126, status=NOTCOMPLETED, transporting=PICKUP, transportingDate=2023-07-29T21:04, cost=1700, apartmentNum=0, user=User{id=8, name='Denis', email='denis.denis.kuznecov@mail.ru', password='222', phoneNumber=89179292245, role=ADMIN}, linoleum=Linoleum{id=8, name='saratoga 4', protect=0.5, thickness=3.5, price=850, imagePath='/images/saratoga-4-300x300.jpg'}}}
21:04:59.602 [http-nio-8080-exec-6] DEBUG c.kuznetsov.linoleum.dao.LinoleumDao - FIND_ALL
21:05:03.488 [http-nio-8080-exec-7] DEBUG com.kuznetsov.linoleum.dao.OrderDao - FIND_ALL/orders
21:05:10.215 [http-nio-8080-exec-10] DEBUG com.kuznetsov.linoleum.dao.OrderDao - FIND_BY_ID/order id:8
21:05:10.221 [http-nio-8080-exec-10] DEBUG c.k.l.dao.FragmentWithoutLayoutDao - FIND_ALL_BY_ORDER_ID/fragment without layout id is:8
21:05:13.726 [http-nio-8080-exec-9] DEBUG com.kuznetsov.linoleum.dao.OrderDao - FIND_ALL/orders
21:05:15.562 [http-nio-8080-exec-2] DEBUG com.kuznetsov.linoleum.dao.OrderDao - FIND_BY_ID/order id:8
21:05:15.567 [http-nio-8080-exec-2] DEBUG c.k.l.dao.FragmentWithoutLayoutDao - FIND_ALL_BY_ORDER_ID/fragment without layout id is:8
21:05:15.574 [http-nio-8080-exec-2] DEBUG c.kuznetsov.linoleum.dao.FragmentDao - FIND_ALL/fragments
21:05:15.591 [http-nio-8080-exec-2] DEBUG com.kuznetsov.linoleum.dao.RollDao - FIND_ALL/Rolls
21:05:15.644 [http-nio-8080-exec-2] DEBUG com.kuznetsov.linoleum.dao.RollDao - UPDATE/roll entity:Roll{id=31, partNum=44, width=4.0, length=23.499998, isRemain=false, linoleum=Linoleum{id=2, name='saratoga 4', protect=0.5, thickness=3.5, price=850, imagePath='/images/saratoga-4-300x300.jpg'}}
21:05:15.666 [http-nio-8080-exec-2] DEBUG com.kuznetsov.linoleum.dao.RollDao - SAVE/roll entity:Roll{id=null, partNum=44, width=2.0, length=1.0, isRemain=true, linoleum=Linoleum{id=2, name='saratoga 4', protect=0.5, thickness=3.5, price=850, imagePath='/images/saratoga-4-300x300.jpg'}}
21:05:15.677 [http-nio-8080-exec-2] DEBUG com.kuznetsov.linoleum.dao.OrderDao - UPDATE_STATUS/order status:CUTTED
21:38:24.614 [http-nio-8080-exec-2] DEBUG c.kuznetsov.linoleum.dao.LinoleumDao - FIND_ALL
21:38:27.766 [http-nio-8080-exec-4] DEBUG c.kuznetsov.linoleum.dao.LinoleumDao - FIND_ALL
21:38:31.844 [http-nio-8080-exec-8] DEBUG c.kuznetsov.linoleum.dao.LinoleumDao - FIND_ALL
21:38:32.532 [http-nio-8080-exec-1] DEBUG c.kuznetsov.linoleum.dao.LinoleumDao - FIND_ALL
21:38:40.487 [http-nio-8080-exec-9] DEBUG com.kuznetsov.linoleum.dao.UserDao - FINDBYEMAILANDPASSWORD/user email:denis.denis.kuznecov@mail.ru
21:38:40.512 [http-nio-8080-exec-2] DEBUG c.kuznetsov.linoleum.dao.LinoleumDao - FIND_ALL
21:38:45.723 [http-nio-8080-exec-4] DEBUG com.kuznetsov.linoleum.dao.OrderDao - FIND_ALL/orders
21:38:54.712 [http-nio-8080-exec-10] DEBUG com.kuznetsov.linoleum.dao.OrderDao - FIND_ALL/orders
21:38:56.874 [http-nio-8080-exec-1] DEBUG c.kuznetsov.linoleum.dao.LinoleumDao - FIND_ALL
21:39:08.337 [http-nio-8080-exec-3] DEBUG c.kuznetsov.linoleum.dao.LinoleumDao - FIND_BY_ID/linoleum id is:2
21:39:24.656 [http-nio-8080-exec-3] DEBUG com.kuznetsov.linoleum.dao.UserDao - FINDBYID/user id is:1
21:39:24.660 [http-nio-8080-exec-3] DEBUG c.kuznetsov.linoleum.dao.LinoleumDao - FIND_BY_ID/linoleum id is:2
21:39:24.663 [http-nio-8080-exec-3] DEBUG com.kuznetsov.linoleum.dao.OrderDao - SAVE/order entity:Order{id=null, creatingDate=2023-07-27T21:39:24.655216300, status=NOTCOMPLETED, transporting=PICKUP, transportingDate=2023-07-30T21:39, cost=3400, apartmentNum=0, user=User{id=1, name='Denis', email='denis.denis.kuznecov@mail.ru', password='222', phoneNumber=89179292245, role=ADMIN}, linoleum=Linoleum{id=2, name='saratoga 4', protect=0.5, thickness=3.5, price=850, imagePath='/images/saratoga-4-300x300.jpg'}}
21:39:24.724 [http-nio-8080-exec-3] DEBUG com.kuznetsov.linoleum.dao.OrderDao - FIND_BY_ID/order id:9
21:39:24.735 [http-nio-8080-exec-3] DEBUG c.k.l.dao.FragmentWithoutLayoutDao - SAVE/fragment without layout entity:FragmentWithoutLayout{id=null, fWidth=4.0, fLength=1.0, order=Order{id=9, creatingDate=2023-07-27T21:39:24.655216, status=NOTCOMPLETED, transporting=PICKUP, transportingDate=2023-07-30T21:39, cost=3400, apartmentNum=0, user=User{id=9, name='Denis', email='denis.denis.kuznecov@mail.ru', password='222', phoneNumber=89179292245, role=ADMIN}, linoleum=Linoleum{id=9, name='saratoga 4', protect=0.5, thickness=3.5, price=850, imagePath='/images/saratoga-4-300x300.jpg'}}}
21:39:27.752 [http-nio-8080-exec-7] DEBUG com.kuznetsov.linoleum.dao.OrderDao - FIND_ALL/orders
21:39:32.386 [http-nio-8080-exec-9] DEBUG com.kuznetsov.linoleum.dao.OrderDao - FIND_BY_ID/order id:9
21:39:32.394 [http-nio-8080-exec-9] DEBUG c.k.l.dao.FragmentWithoutLayoutDao - FIND_ALL_BY_ORDER_ID/fragment without layout id is:9
21:39:32.403 [http-nio-8080-exec-9] DEBUG c.kuznetsov.linoleum.dao.FragmentDao - FIND_ALL/fragments
21:39:32.410 [http-nio-8080-exec-9] DEBUG com.kuznetsov.linoleum.dao.RollDao - FIND_ALL/Rolls
21:39:32.461 [http-nio-8080-exec-9] DEBUG com.kuznetsov.linoleum.dao.RollDao - UPDATE/roll entity:Roll{id=31, partNum=44, width=4.0, length=22.489998, isRemain=false, linoleum=Linoleum{id=2, name='saratoga 4', protect=0.5, thickness=3.5, price=850, imagePath='/images/saratoga-4-300x300.jpg'}}
21:39:32.487 [http-nio-8080-exec-9] DEBUG com.kuznetsov.linoleum.dao.OrderDao - UPDATE_STATUS/order status:CUTTED
21:41:16.260 [http-nio-8080-exec-4] DEBUG com.kuznetsov.linoleum.dao.OrderDao - FIND_BY_ID/order id:9
21:41:16.272 [http-nio-8080-exec-4] DEBUG c.k.l.dao.FragmentWithoutLayoutDao - FIND_ALL_BY_ORDER_ID/fragment without layout id is:9
21:41:16.304 [http-nio-8080-exec-4] DEBUG c.kuznetsov.linoleum.dao.FragmentDao - FIND_ALL/fragments
21:41:16.318 [http-nio-8080-exec-4] DEBUG com.kuznetsov.linoleum.dao.RollDao - FIND_ALL/Rolls
21:41:16.321 [http-nio-8080-exec-4] DEBUG com.kuznetsov.linoleum.dao.RollDao - UPDATE/roll entity:Roll{id=31, partNum=44, width=4.0, length=21.479998, isRemain=false, linoleum=Linoleum{id=2, name='saratoga 4', protect=0.5, thickness=3.5, price=850, imagePath='/images/saratoga-4-300x300.jpg'}}
21:41:16.324 [http-nio-8080-exec-4] DEBUG com.kuznetsov.linoleum.dao.OrderDao - UPDATE_STATUS/order status:CUTTED
21:42:00.582 [http-nio-8080-exec-1] DEBUG com.kuznetsov.linoleum.dao.OrderDao - FIND_BY_ID/order id:9
21:42:00.590 [http-nio-8080-exec-1] DEBUG c.k.l.dao.FragmentWithoutLayoutDao - FIND_ALL_BY_ORDER_ID/fragment without layout id is:9
21:42:00.592 [http-nio-8080-exec-1] DEBUG c.kuznetsov.linoleum.dao.FragmentDao - FIND_ALL/fragments
21:42:00.596 [http-nio-8080-exec-1] DEBUG com.kuznetsov.linoleum.dao.RollDao - FIND_ALL/Rolls
21:42:00.606 [http-nio-8080-exec-1] DEBUG com.kuznetsov.linoleum.dao.RollDao - UPDATE/roll entity:Roll{id=31, partNum=44, width=4.0, length=20.469997, isRemain=false, linoleum=Linoleum{id=2, name='saratoga 4', protect=0.5, thickness=3.5, price=850, imagePath='/images/saratoga-4-300x300.jpg'}}
21:42:00.608 [http-nio-8080-exec-1] DEBUG com.kuznetsov.linoleum.dao.OrderDao - UPDATE_STATUS/order status:CUTTED
21:44:50.104 [http-nio-8080-exec-2] DEBUG c.kuznetsov.linoleum.dao.LinoleumDao - FIND_ALL
21:44:53.387 [http-nio-8080-exec-6] DEBUG c.kuznetsov.linoleum.dao.LinoleumDao - FIND_ALL
21:44:54.188 [http-nio-8080-exec-1] DEBUG c.kuznetsov.linoleum.dao.LinoleumDao - FIND_ALL
21:45:03.391 [http-nio-8080-exec-5] DEBUG com.kuznetsov.linoleum.dao.UserDao - FINDBYEMAILANDPASSWORD/user email:denis.denis.kuznecov@mail.ru
21:45:03.424 [http-nio-8080-exec-7] DEBUG c.kuznetsov.linoleum.dao.LinoleumDao - FIND_ALL
21:45:05.848 [http-nio-8080-exec-9] DEBUG c.kuznetsov.linoleum.dao.LinoleumDao - FIND_BY_ID/linoleum id is:2
21:45:22.200 [http-nio-8080-exec-9] DEBUG com.kuznetsov.linoleum.dao.UserDao - FINDBYID/user id is:1
21:45:22.204 [http-nio-8080-exec-9] DEBUG c.kuznetsov.linoleum.dao.LinoleumDao - FIND_BY_ID/linoleum id is:2
21:45:22.207 [http-nio-8080-exec-9] DEBUG com.kuznetsov.linoleum.dao.OrderDao - SAVE/order entity:Order{id=null, creatingDate=2023-07-27T21:45:22.196079100, status=NOTCOMPLETED, transporting=PICKUP, transportingDate=2023-07-30T21:45, cost=3400, apartmentNum=0, user=User{id=1, name='Denis', email='denis.denis.kuznecov@mail.ru', password='222', phoneNumber=89179292245, role=ADMIN}, linoleum=Linoleum{id=2, name='saratoga 4', protect=0.5, thickness=3.5, price=850, imagePath='/images/saratoga-4-300x300.jpg'}}
21:45:22.258 [http-nio-8080-exec-9] DEBUG com.kuznetsov.linoleum.dao.OrderDao - FIND_BY_ID/order id:10
21:45:22.277 [http-nio-8080-exec-9] DEBUG c.k.l.dao.FragmentWithoutLayoutDao - SAVE/fragment without layout entity:FragmentWithoutLayout{id=null, fWidth=4.0, fLength=1.0, order=Order{id=10, creatingDate=2023-07-27T21:45:22.196079, status=NOTCOMPLETED, transporting=PICKUP, transportingDate=2023-07-30T21:45, cost=3400, apartmentNum=0, user=User{id=10, name='Denis', email='denis.denis.kuznecov@mail.ru', password='222', phoneNumber=89179292245, role=ADMIN}, linoleum=Linoleum{id=10, name='saratoga 4', protect=0.5, thickness=3.5, price=850, imagePath='/images/saratoga-4-300x300.jpg'}}}
21:45:25.550 [http-nio-8080-exec-2] DEBUG c.kuznetsov.linoleum.dao.LinoleumDao - FIND_ALL
21:45:26.607 [http-nio-8080-exec-4] DEBUG com.kuznetsov.linoleum.dao.OrderDao - FIND_ALL/orders
21:45:48.707 [http-nio-8080-exec-3] DEBUG c.kuznetsov.linoleum.dao.LinoleumDao - FIND_ALL
21:46:11.096 [http-nio-8080-exec-9] DEBUG com.kuznetsov.linoleum.dao.OrderDao - FIND_ALL/orders
22:03:03.692 [http-nio-8080-exec-1] DEBUG c.kuznetsov.linoleum.dao.LinoleumDao - FIND_ALL
22:03:08.254 [http-nio-8080-exec-5] DEBUG c.kuznetsov.linoleum.dao.LinoleumDao - FIND_ALL
22:03:09.549 [http-nio-8080-exec-4] DEBUG c.kuznetsov.linoleum.dao.LinoleumDao - FIND_ALL
22:03:10.760 [http-nio-8080-exec-8] DEBUG c.kuznetsov.linoleum.dao.LinoleumDao - FIND_ALL
22:03:19.679 [http-nio-8080-exec-5] DEBUG com.kuznetsov.linoleum.dao.UserDao - FINDBYEMAILANDPASSWORD/user email:denis.denis.kuznecov@mail.ru
22:03:19.998 [http-nio-8080-exec-7] DEBUG c.kuznetsov.linoleum.dao.LinoleumDao - FIND_ALL
22:03:27.986 [http-nio-8080-exec-2] DEBUG com.kuznetsov.linoleum.dao.OrderDao - FIND_ALL/orders
22:03:33.417 [http-nio-8080-exec-8] DEBUG c.kuznetsov.linoleum.dao.LinoleumDao - FIND_ALL
22:03:40.420 [http-nio-8080-exec-10] DEBUG com.kuznetsov.linoleum.dao.OrderDao - FIND_ALL/orders
22:03:45.548 [http-nio-8080-exec-1] DEBUG com.kuznetsov.linoleum.dao.OrderDao - FIND_ALL/orders
22:10:08.529 [http-nio-8080-exec-1] DEBUG c.kuznetsov.linoleum.dao.LinoleumDao - FIND_ALL
22:10:13.256 [http-nio-8080-exec-3] DEBUG c.kuznetsov.linoleum.dao.LinoleumDao - FIND_ALL
22:10:13.909 [http-nio-8080-exec-7] DEBUG c.kuznetsov.linoleum.dao.LinoleumDao - FIND_ALL
22:10:27.068 [http-nio-8080-exec-4] DEBUG com.kuznetsov.linoleum.dao.UserDao - FINDBYEMAILANDPASSWORD/user email:denis.denis.kuznecov@mail.ru
22:10:27.126 [http-nio-8080-exec-6] DEBUG c.kuznetsov.linoleum.dao.LinoleumDao - FIND_ALL
22:10:32.625 [http-nio-8080-exec-8] DEBUG com.kuznetsov.linoleum.dao.OrderDao - FIND_ALL/orders
22:10:36.642 [http-nio-8080-exec-10] DEBUG com.kuznetsov.linoleum.dao.OrderDao - FIND_BY_ID/order id:10
22:10:36.658 [http-nio-8080-exec-10] DEBUG c.k.l.dao.FragmentWithoutLayoutDao - FIND_ALL_BY_ORDER_ID/fragment without layout id is:10
22:10:36.711 [http-nio-8080-exec-10] DEBUG c.kuznetsov.linoleum.dao.FragmentDao - FIND_ALL/fragments
22:10:36.778 [http-nio-8080-exec-10] DEBUG com.kuznetsov.linoleum.dao.RollDao - FIND_ALL/Rolls
22:10:36.877 [http-nio-8080-exec-10] DEBUG com.kuznetsov.linoleum.dao.RollDao - UPDATE/roll entity:Roll{id=31, partNum=44, width=4.0, length=19.459997, isRemain=false, linoleum=Linoleum{id=2, name='saratoga 4', protect=0.5, thickness=3.5, price=850, imagePath='/images/saratoga-4-300x300.jpg'}}
22:10:36.956 [http-nio-8080-exec-10] DEBUG com.kuznetsov.linoleum.dao.OrderDao - UPDATE_STATUS/order status:CUTTED
22:10:49.164 [http-nio-8080-exec-3] DEBUG com.kuznetsov.linoleum.dao.OrderDao - FIND_BY_ID/order id:10
22:10:49.169 [http-nio-8080-exec-3] DEBUG c.k.l.dao.FragmentWithoutLayoutDao - FIND_ALL_BY_ORDER_ID/fragment without layout id is:10
22:10:49.175 [http-nio-8080-exec-3] DEBUG c.kuznetsov.linoleum.dao.FragmentDao - FIND_ALL/fragments
22:10:49.190 [http-nio-8080-exec-3] DEBUG com.kuznetsov.linoleum.dao.RollDao - FIND_ALL/Rolls
22:10:49.207 [http-nio-8080-exec-3] DEBUG com.kuznetsov.linoleum.dao.RollDao - UPDATE/roll entity:Roll{id=31, partNum=44, width=4.0, length=18.449997, isRemain=false, linoleum=Linoleum{id=2, name='saratoga 4', protect=0.5, thickness=3.5, price=850, imagePath='/images/saratoga-4-300x300.jpg'}}
22:10:49.211 [http-nio-8080-exec-3] DEBUG com.kuznetsov.linoleum.dao.OrderDao - UPDATE_STATUS/order status:CUTTED
22:11:22.754 [http-nio-8080-exec-7] DEBUG com.kuznetsov.linoleum.dao.OrderDao - FIND_BY_ID/order id:10
22:11:22.759 [http-nio-8080-exec-7] DEBUG c.k.l.dao.FragmentWithoutLayoutDao - FIND_ALL_BY_ORDER_ID/fragment without layout id is:10
22:11:22.762 [http-nio-8080-exec-7] DEBUG c.kuznetsov.linoleum.dao.FragmentDao - FIND_ALL/fragments
22:11:22.774 [http-nio-8080-exec-7] DEBUG com.kuznetsov.linoleum.dao.RollDao - FIND_ALL/Rolls
22:11:22.782 [http-nio-8080-exec-7] DEBUG com.kuznetsov.linoleum.dao.RollDao - UPDATE/roll entity:Roll{id=31, partNum=44, width=4.0, length=17.439997, isRemain=false, linoleum=Linoleum{id=2, name='saratoga 4', protect=0.5, thickness=3.5, price=850, imagePath='/images/saratoga-4-300x300.jpg'}}
22:11:22.785 [http-nio-8080-exec-7] DEBUG com.kuznetsov.linoleum.dao.OrderDao - UPDATE_STATUS/order status:CUTTED
22:12:32.075 [http-nio-8080-exec-6] DEBUG com.kuznetsov.linoleum.dao.OrderDao - FIND_BY_ID/order id:10
22:12:32.079 [http-nio-8080-exec-6] DEBUG c.k.l.dao.FragmentWithoutLayoutDao - FIND_ALL_BY_ORDER_ID/fragment without layout id is:10
22:12:32.081 [http-nio-8080-exec-6] DEBUG c.kuznetsov.linoleum.dao.FragmentDao - FIND_ALL/fragments
22:12:32.085 [http-nio-8080-exec-6] DEBUG com.kuznetsov.linoleum.dao.RollDao - FIND_ALL/Rolls
22:12:32.087 [http-nio-8080-exec-6] DEBUG com.kuznetsov.linoleum.dao.RollDao - UPDATE/roll entity:Roll{id=31, partNum=44, width=4.0, length=16.429996, isRemain=false, linoleum=Linoleum{id=2, name='saratoga 4', protect=0.5, thickness=3.5, price=850, imagePath='/images/saratoga-4-300x300.jpg'}}
22:12:32.090 [http-nio-8080-exec-6] DEBUG com.kuznetsov.linoleum.dao.OrderDao - UPDATE_STATUS/order status:CUTTED
22:12:39.928 [http-nio-8080-exec-8] DEBUG com.kuznetsov.linoleum.dao.OrderDao - FIND_BY_ID/order id:10
22:12:39.932 [http-nio-8080-exec-8] DEBUG c.k.l.dao.FragmentWithoutLayoutDao - FIND_ALL_BY_ORDER_ID/fragment without layout id is:10
22:12:39.938 [http-nio-8080-exec-8] DEBUG c.kuznetsov.linoleum.dao.FragmentDao - FIND_ALL/fragments
22:12:39.945 [http-nio-8080-exec-8] DEBUG com.kuznetsov.linoleum.dao.RollDao - FIND_ALL/Rolls
22:12:39.950 [http-nio-8080-exec-8] DEBUG com.kuznetsov.linoleum.dao.RollDao - UPDATE/roll entity:Roll{id=31, partNum=44, width=4.0, length=15.419996, isRemain=false, linoleum=Linoleum{id=2, name='saratoga 4', protect=0.5, thickness=3.5, price=850, imagePath='/images/saratoga-4-300x300.jpg'}}
22:12:39.959 [http-nio-8080-exec-8] DEBUG com.kuznetsov.linoleum.dao.OrderDao - UPDATE_STATUS/order status:CUTTED
22:13:16.796 [http-nio-8080-exec-2] DEBUG c.kuznetsov.linoleum.dao.LinoleumDao - FIND_ALL
22:13:19.833 [http-nio-8080-exec-3] DEBUG c.kuznetsov.linoleum.dao.LinoleumDao - FIND_ALL
22:13:20.170 [http-nio-8080-exec-4] DEBUG c.kuznetsov.linoleum.dao.LinoleumDao - FIND_ALL
22:13:31.346 [http-nio-8080-exec-6] DEBUG com.kuznetsov.linoleum.dao.UserDao - FINDBYEMAILANDPASSWORD/user email:denis.denis.kuznecov@mail.ru
22:13:31.369 [http-nio-8080-exec-7] DEBUG c.kuznetsov.linoleum.dao.LinoleumDao - FIND_ALL
22:13:35.128 [http-nio-8080-exec-8] DEBUG c.kuznetsov.linoleum.dao.LinoleumDao - FIND_BY_ID/linoleum id is:2
22:14:19.135 [http-nio-8080-exec-9] DEBUG com.kuznetsov.linoleum.dao.UserDao - FINDBYID/user id is:1
22:14:19.137 [http-nio-8080-exec-9] DEBUG c.kuznetsov.linoleum.dao.LinoleumDao - FIND_BY_ID/linoleum id is:2
22:14:19.140 [http-nio-8080-exec-9] DEBUG com.kuznetsov.linoleum.dao.OrderDao - SAVE/order entity:Order{id=null, creatingDate=2023-07-27T22:14:19.131510, status=NOTCOMPLETED, transporting=PICKUP, transportingDate=2023-07-30T22:14, cost=2975, apartmentNum=0, user=User{id=1, name='Denis', email='denis.denis.kuznecov@mail.ru', password='222', phoneNumber=89179292245, role=ADMIN}, linoleum=Linoleum{id=2, name='saratoga 4', protect=0.5, thickness=3.5, price=850, imagePath='/images/saratoga-4-300x300.jpg'}}
22:14:19.381 [http-nio-8080-exec-9] DEBUG com.kuznetsov.linoleum.dao.OrderDao - FIND_BY_ID/order id:11
22:14:19.400 [http-nio-8080-exec-9] DEBUG c.k.l.dao.FragmentWithoutLayoutDao - SAVE/fragment without layout entity:FragmentWithoutLayout{id=null, fWidth=3.5, fLength=1.0, order=Order{id=11, creatingDate=2023-07-27T22:14:19.131510, status=NOTCOMPLETED, transporting=PICKUP, transportingDate=2023-07-30T22:14, cost=2975, apartmentNum=0, user=User{id=11, name='Denis', email='denis.denis.kuznecov@mail.ru', password='222', phoneNumber=89179292245, role=ADMIN}, linoleum=Linoleum{id=11, name='saratoga 4', protect=0.5, thickness=3.5, price=850, imagePath='/images/saratoga-4-300x300.jpg'}}}
22:15:39.348 [http-nio-8080-exec-1] DEBUG c.kuznetsov.linoleum.dao.LinoleumDao - FIND_ALL
22:16:20.943 [http-nio-8080-exec-3] DEBUG c.kuznetsov.linoleum.dao.LinoleumDao - FIND_ALL
22:16:28.867 [http-nio-8080-exec-5] DEBUG com.kuznetsov.linoleum.dao.UserDao - FINDBYEMAILANDPASSWORD/user email:denis.denis.kuznecov@mail.ru
22:16:46.121 [http-nio-8080-exec-7] DEBUG c.kuznetsov.linoleum.dao.LinoleumDao - FIND_ALL
22:17:02.055 [http-nio-8080-exec-2] DEBUG com.kuznetsov.linoleum.dao.OrderDao - FIND_ALL/orders
22:17:25.574 [http-nio-8080-exec-4] DEBUG com.kuznetsov.linoleum.dao.OrderDao - FIND_BY_ID/order id:11
22:17:25.797 [http-nio-8080-exec-4] DEBUG c.k.l.dao.FragmentWithoutLayoutDao - FIND_ALL_BY_ORDER_ID/fragment without layout id is:11
22:17:25.935 [http-nio-8080-exec-4] DEBUG c.kuznetsov.linoleum.dao.FragmentDao - FIND_ALL/fragments
22:17:25.974 [http-nio-8080-exec-4] DEBUG com.kuznetsov.linoleum.dao.RollDao - FIND_ALL/Rolls
22:17:37.337 [http-nio-8080-exec-4] DEBUG com.kuznetsov.linoleum.dao.RollDao - UPDATE/roll entity:Roll{id=80, partNum=111, width=3.5, length=31.72, isRemain=false, linoleum=Linoleum{id=2, name='saratoga 4', protect=0.5, thickness=3.5, price=850, imagePath='/images/saratoga-4-300x300.jpg'}}
22:17:40.747 [http-nio-8080-exec-4] DEBUG com.kuznetsov.linoleum.dao.OrderDao - UPDATE_STATUS/order status:CUTTED
22:18:47.121 [http-nio-8080-exec-8] DEBUG com.kuznetsov.linoleum.dao.OrderDao - FIND_BY_ID/order id:11
22:18:47.130 [http-nio-8080-exec-8] DEBUG c.k.l.dao.FragmentWithoutLayoutDao - FIND_ALL_BY_ORDER_ID/fragment without layout id is:11
22:18:47.142 [http-nio-8080-exec-8] DEBUG c.kuznetsov.linoleum.dao.FragmentDao - FIND_ALL/fragments
22:18:47.912 [http-nio-8080-exec-8] DEBUG com.kuznetsov.linoleum.dao.RollDao - FIND_ALL/Rolls
22:21:47.681 [http-nio-8080-exec-2] DEBUG c.kuznetsov.linoleum.dao.LinoleumDao - FIND_ALL
22:21:53.454 [http-nio-8080-exec-4] DEBUG c.kuznetsov.linoleum.dao.LinoleumDao - FIND_ALL
22:21:55.031 [http-nio-8080-exec-6] DEBUG c.kuznetsov.linoleum.dao.LinoleumDao - FIND_ALL
22:22:04.255 [http-nio-8080-exec-9] DEBUG com.kuznetsov.linoleum.dao.UserDao - FINDBYEMAILANDPASSWORD/user email:denis.denis.kuznecov@mail.ru
22:22:04.315 [http-nio-8080-exec-2] DEBUG c.kuznetsov.linoleum.dao.LinoleumDao - FIND_ALL
22:22:07.860 [http-nio-8080-exec-4] DEBUG com.kuznetsov.linoleum.dao.OrderDao - FIND_ALL/orders
22:22:13.346 [http-nio-8080-exec-1] DEBUG com.kuznetsov.linoleum.dao.OrderDao - FIND_ALL/orders
22:22:17.237 [http-nio-8080-exec-3] DEBUG c.kuznetsov.linoleum.dao.LinoleumDao - FIND_ALL
22:22:22.777 [http-nio-8080-exec-6] DEBUG c.kuznetsov.linoleum.dao.LinoleumDao - FIND_BY_ID/linoleum id is:2
22:22:52.354 [http-nio-8080-exec-10] DEBUG com.kuznetsov.linoleum.dao.UserDao - FINDBYID/user id is:1
22:22:52.358 [http-nio-8080-exec-10] DEBUG c.kuznetsov.linoleum.dao.LinoleumDao - FIND_BY_ID/linoleum id is:2
22:22:52.361 [http-nio-8080-exec-10] DEBUG com.kuznetsov.linoleum.dao.OrderDao - SAVE/order entity:Order{id=null, creatingDate=2023-07-27T22:22:52.352267300, status=NOTCOMPLETED, transporting=PICKUP, transportingDate=2023-07-30T22:22, cost=1062, apartmentNum=0, user=User{id=1, name='Denis', email='denis.denis.kuznecov@mail.ru', password='222', phoneNumber=89179292245, role=ADMIN}, linoleum=Linoleum{id=2, name='saratoga 4', protect=0.5, thickness=3.5, price=850, imagePath='/images/saratoga-4-300x300.jpg'}}
22:22:52.404 [http-nio-8080-exec-10] DEBUG com.kuznetsov.linoleum.dao.OrderDao - FIND_BY_ID/order id:12
22:22:52.417 [http-nio-8080-exec-10] DEBUG c.k.l.dao.FragmentWithoutLayoutDao - SAVE/fragment without layout entity:FragmentWithoutLayout{id=null, fWidth=2.5, fLength=0.5, order=Order{id=12, creatingDate=2023-07-27T22:22:52.352267, status=NOTCOMPLETED, transporting=PICKUP, transportingDate=2023-07-30T22:22, cost=1062, apartmentNum=0, user=User{id=12, name='Denis', email='denis.denis.kuznecov@mail.ru', password='222', phoneNumber=89179292245, role=ADMIN}, linoleum=Linoleum{id=12, name='saratoga 4', protect=0.5, thickness=3.5, price=850, imagePath='/images/saratoga-4-300x300.jpg'}}}
22:22:54.989 [http-nio-8080-exec-9] DEBUG c.kuznetsov.linoleum.dao.LinoleumDao - FIND_ALL
22:22:56.464 [http-nio-8080-exec-2] DEBUG com.kuznetsov.linoleum.dao.OrderDao - FIND_ALL/orders
22:23:01.392 [http-nio-8080-exec-4] DEBUG com.kuznetsov.linoleum.dao.OrderDao - FIND_BY_ID/order id:12
22:23:01.404 [http-nio-8080-exec-4] DEBUG c.k.l.dao.FragmentWithoutLayoutDao - FIND_ALL_BY_ORDER_ID/fragment without layout id is:12
22:23:01.415 [http-nio-8080-exec-4] DEBUG c.kuznetsov.linoleum.dao.FragmentDao - FIND_ALL/fragments
22:23:01.424 [http-nio-8080-exec-4] DEBUG com.kuznetsov.linoleum.dao.RollDao - FIND_ALL/Rolls
22:23:01.466 [http-nio-8080-exec-4] DEBUG com.kuznetsov.linoleum.dao.RollDao - UPDATE/roll entity:Roll{id=28, partNum=11, width=2.5, length=25.029997, isRemain=false, linoleum=Linoleum{id=2, name='saratoga 4', protect=0.5, thickness=3.5, price=850, imagePath='/images/saratoga-4-300x300.jpg'}}
22:23:01.489 [http-nio-8080-exec-4] DEBUG com.kuznetsov.linoleum.dao.OrderDao - UPDATE_STATUS/order status:CUTTED
22:23:15.036 [http-nio-8080-exec-3] DEBUG c.kuznetsov.linoleum.dao.LinoleumDao - FIND_ALL
22:24:33.316 [http-nio-8080-exec-8] DEBUG com.kuznetsov.linoleum.dao.OrderDao - FIND_ALL/orders
22:28:48.536 [http-nio-8080-exec-2] DEBUG c.kuznetsov.linoleum.dao.LinoleumDao - FIND_ALL
22:28:52.343 [http-nio-8080-exec-4] DEBUG c.kuznetsov.linoleum.dao.LinoleumDao - FIND_ALL
22:28:52.477 [http-nio-8080-exec-10] DEBUG c.kuznetsov.linoleum.dao.LinoleumDao - FIND_ALL
22:29:08.968 [http-nio-8080-exec-3] DEBUG com.kuznetsov.linoleum.dao.UserDao - FINDBYEMAILANDPASSWORD/user email:denis.denis.kuznecov@mail.ru
22:29:09.002 [http-nio-8080-exec-5] DEBUG c.kuznetsov.linoleum.dao.LinoleumDao - FIND_ALL
22:29:11.791 [http-nio-8080-exec-7] DEBUG c.kuznetsov.linoleum.dao.LinoleumDao - FIND_BY_ID/linoleum id is:2
22:29:32.534 [http-nio-8080-exec-4] DEBUG com.kuznetsov.linoleum.dao.UserDao - FINDBYID/user id is:1
22:29:32.540 [http-nio-8080-exec-4] DEBUG c.kuznetsov.linoleum.dao.LinoleumDao - FIND_BY_ID/linoleum id is:2
22:29:32.543 [http-nio-8080-exec-4] DEBUG com.kuznetsov.linoleum.dao.OrderDao - SAVE/order entity:Order{id=null, creatingDate=2023-07-27T22:29:32.530688600, status=NOTCOMPLETED, transporting=PICKUP, transportingDate=2023-07-30T22:29, cost=3400, apartmentNum=0, user=User{id=1, name='Denis', email='denis.denis.kuznecov@mail.ru', password='222', phoneNumber=89179292245, role=ADMIN}, linoleum=Linoleum{id=2, name='saratoga 4', protect=0.5, thickness=3.5, price=850, imagePath='/images/saratoga-4-300x300.jpg'}}
22:29:32.941 [http-nio-8080-exec-4] DEBUG com.kuznetsov.linoleum.dao.OrderDao - FIND_BY_ID/order id:13
22:29:32.959 [http-nio-8080-exec-4] DEBUG c.k.l.dao.FragmentWithoutLayoutDao - SAVE/fragment without layout entity:FragmentWithoutLayout{id=null, fWidth=4.0, fLength=1.0, order=Order{id=13, creatingDate=2023-07-27T22:29:32.530689, status=NOTCOMPLETED, transporting=PICKUP, transportingDate=2023-07-30T22:29, cost=3400, apartmentNum=0, user=User{id=13, name='Denis', email='denis.denis.kuznecov@mail.ru', password='222', phoneNumber=89179292245, role=ADMIN}, linoleum=Linoleum{id=13, name='saratoga 4', protect=0.5, thickness=3.5, price=850, imagePath='/images/saratoga-4-300x300.jpg'}}}
22:29:35.145 [http-nio-8080-exec-10] DEBUG c.kuznetsov.linoleum.dao.LinoleumDao - FIND_ALL
22:29:37.023 [http-nio-8080-exec-1] DEBUG com.kuznetsov.linoleum.dao.OrderDao - FIND_ALL/orders
22:29:40.241 [http-nio-8080-exec-3] DEBUG com.kuznetsov.linoleum.dao.OrderDao - FIND_BY_ID/order id:13
22:29:40.246 [http-nio-8080-exec-3] DEBUG c.k.l.dao.FragmentWithoutLayoutDao - FIND_ALL_BY_ORDER_ID/fragment without layout id is:13
22:29:40.254 [http-nio-8080-exec-3] DEBUG c.kuznetsov.linoleum.dao.FragmentDao - FIND_ALL/fragments
22:29:40.260 [http-nio-8080-exec-3] DEBUG com.kuznetsov.linoleum.dao.RollDao - FIND_ALL/Rolls
22:29:40.286 [http-nio-8080-exec-3] DEBUG com.kuznetsov.linoleum.dao.RollDao - UPDATE/roll entity:Roll{id=31, partNum=44, width=4.0, length=14.409996, isRemain=false, linoleum=Linoleum{id=2, name='saratoga 4', protect=0.5, thickness=3.5, price=850, imagePath='/images/saratoga-4-300x300.jpg'}}
22:29:40.303 [http-nio-8080-exec-3] DEBUG com.kuznetsov.linoleum.dao.OrderDao - UPDATE_STATUS/order status:CUTTED
22:30:26.409 [http-nio-8080-exec-6] DEBUG com.kuznetsov.linoleum.dao.RollDao - FIND_ALL/Rolls
